CRITICAL - 2024-10-23 11:15:16 --> TypeError: CodeIgniter\RESTful\ResourceController::respond(): Argument #3 ($message) must be of type string, array given, called in C:\xampp\htdocs\sopir_server\codeigniter4-framework-2849e7f\app\Controllers\Sopir.php on line 20
[Method: GET, Route: sopir]
in SYSTEMPATH\API\ResponseTrait.php on line 92.
 1 APPPATH\Controllers\Sopir.php(20): CodeIgniter\RESTful\ResourceController->respond([], 200, [...])
 2 SYSTEMPATH\CodeIgniter.php(933): App\Controllers\sopir->index()
 3 SYSTEMPATH\CodeIgniter.php(509): CodeIgniter\CodeIgniter->runController(Object(App\Controllers\sopir))
 4 SYSTEMPATH\CodeIgniter.php(355): CodeIgniter\CodeIgniter->handleRequest(null, Object(Config\Cache), false)
 5 SYSTEMPATH\Boot.php(325): CodeIgniter\CodeIgniter->run()
 6 SYSTEMPATH\Boot.php(67): CodeIgniter\Boot::runCodeIgniter(Object(CodeIgniter\CodeIgniter))
 7 FCPATH\index.php(56): CodeIgniter\Boot::bootWeb(Object(Config\Paths))
 8 SYSTEMPATH\rewrite.php(44): require_once('C:\\xampp\\htdocs\\sopir_server\\codeigniter4-framework-2849e7f\\public\\index.php')
CRITICAL - 2024-10-23 11:43:38 --> TypeError: CodeIgniter\RESTful\ResourceController::respond(): Argument #3 ($message) must be of type string, array given, called in C:\xampp\htdocs\sopir-server\app\Controllers\Sopir.php on line 20
[Method: GET, Route: sopir]
in SYSTEMPATH\API\ResponseTrait.php on line 92.
 1 APPPATH\Controllers\Sopir.php(20): CodeIgniter\RESTful\ResourceController->respond([], 200, [...])
 2 SYSTEMPATH\CodeIgniter.php(933): App\Controllers\sopir->index()
 3 SYSTEMPATH\CodeIgniter.php(509): CodeIgniter\CodeIgniter->runController(Object(App\Controllers\sopir))
 4 SYSTEMPATH\CodeIgniter.php(355): CodeIgniter\CodeIgniter->handleRequest(null, Object(Config\Cache), false)
 5 SYSTEMPATH\Boot.php(325): CodeIgniter\CodeIgniter->run()
 6 SYSTEMPATH\Boot.php(67): CodeIgniter\Boot::runCodeIgniter(Object(CodeIgniter\CodeIgniter))
 7 FCPATH\index.php(56): CodeIgniter\Boot::bootWeb(Object(Config\Paths))
 8 SYSTEMPATH\rewrite.php(44): require_once('C:\\xampp\\htdocs\\sopir-server\\public\\index.php')
CRITICAL - 2024-10-23 11:50:33 --> TypeError: CodeIgniter\RESTful\ResourceController::respond(): Argument #3 ($message) must be of type string, array given, called in C:\xampp\htdocs\sopir-server\app\Controllers\Sopir.php on line 20
[Method: GET, Route: sopir]
in SYSTEMPATH\API\ResponseTrait.php on line 92.
 1 APPPATH\Controllers\Sopir.php(20): CodeIgniter\RESTful\ResourceController->respond([], 200, [...])
 2 SYSTEMPATH\CodeIgniter.php(933): App\Controllers\sopir->index()
 3 SYSTEMPATH\CodeIgniter.php(509): CodeIgniter\CodeIgniter->runController(Object(App\Controllers\sopir))
 4 SYSTEMPATH\CodeIgniter.php(355): CodeIgniter\CodeIgniter->handleRequest(null, Object(Config\Cache), false)
 5 SYSTEMPATH\Boot.php(325): CodeIgniter\CodeIgniter->run()
 6 SYSTEMPATH\Boot.php(67): CodeIgniter\Boot::runCodeIgniter(Object(CodeIgniter\CodeIgniter))
 7 FCPATH\index.php(56): CodeIgniter\Boot::bootWeb(Object(Config\Paths))
 8 SYSTEMPATH\rewrite.php(44): require_once('C:\\xampp\\htdocs\\sopir-server\\public\\index.php')
CRITICAL - 2024-10-23 12:03:31 --> Error: Call to undefined method App\Controllers\sopir::response()
[Method: GET, Route: sopir]
in APPPATH\Controllers\Sopir.php on line 19.
 1 SYSTEMPATH\CodeIgniter.php(933): App\Controllers\sopir->index()
 2 SYSTEMPATH\CodeIgniter.php(509): CodeIgniter\CodeIgniter->runController(Object(App\Controllers\sopir))
 3 SYSTEMPATH\CodeIgniter.php(355): CodeIgniter\CodeIgniter->handleRequest(null, Object(Config\Cache), false)
 4 SYSTEMPATH\Boot.php(325): CodeIgniter\CodeIgniter->run()
 5 SYSTEMPATH\Boot.php(67): CodeIgniter\Boot::runCodeIgniter(Object(CodeIgniter\CodeIgniter))
 6 FCPATH\index.php(56): CodeIgniter\Boot::bootWeb(Object(Config\Paths))
 7 SYSTEMPATH\rewrite.php(44): require_once('C:\\xampp\\htdocs\\sopir-server\\public\\index.php')
CRITICAL - 2024-10-23 12:24:30 --> ErrorException: Undefined property: App\Controllers\sopir::$pelangganModel
[Method: GET, Route: sopir]
in APPPATH\Controllers\Sopir.php on line 18.
 1 APPPATH\Controllers\Sopir.php(18): CodeIgniter\Debug\Exceptions->errorHandler(2, 'Undefined property: App\\Controllers\\sopir::$pelangganModel', 'C:\\xampp\\htdocs\\sopir-server\\app\\Controllers\\Sopir.php', 18)
 2 SYSTEMPATH\CodeIgniter.php(933): App\Controllers\sopir->index()
 3 SYSTEMPATH\CodeIgniter.php(509): CodeIgniter\CodeIgniter->runController(Object(App\Controllers\sopir))
 4 SYSTEMPATH\CodeIgniter.php(355): CodeIgniter\CodeIgniter->handleRequest(null, Object(Config\Cache), false)
 5 SYSTEMPATH\Boot.php(325): CodeIgniter\CodeIgniter->run()
 6 SYSTEMPATH\Boot.php(67): CodeIgniter\Boot::runCodeIgniter(Object(CodeIgniter\CodeIgniter))
 7 FCPATH\index.php(56): CodeIgniter\Boot::bootWeb(Object(Config\Paths))
 8 SYSTEMPATH\rewrite.php(44): require_once('C:\\xampp\\htdocs\\sopir-server\\public\\index.php')
CRITICAL - 2024-10-23 12:25:10 --> Error: Call to a member function findAll() on null
[Method: GET, Route: sopir]
in APPPATH\Controllers\Sopir.php on line 18.
 1 SYSTEMPATH\CodeIgniter.php(933): App\Controllers\sopir->index()
 2 SYSTEMPATH\CodeIgniter.php(509): CodeIgniter\CodeIgniter->runController(Object(App\Controllers\sopir))
 3 SYSTEMPATH\CodeIgniter.php(355): CodeIgniter\CodeIgniter->handleRequest(null, Object(Config\Cache), false)
 4 SYSTEMPATH\Boot.php(325): CodeIgniter\CodeIgniter->run()
 5 SYSTEMPATH\Boot.php(67): CodeIgniter\Boot::runCodeIgniter(Object(CodeIgniter\CodeIgniter))
 6 FCPATH\index.php(56): CodeIgniter\Boot::bootWeb(Object(Config\Paths))
 7 SYSTEMPATH\rewrite.php(44): require_once('C:\\xampp\\htdocs\\sopir-server\\public\\index.php')
CRITICAL - 2024-10-23 12:25:32 --> TypeError: CodeIgniter\RESTful\ResourceController::respond(): Argument #3 ($message) must be of type string, array given, called in C:\xampp\htdocs\sopir-server\app\Controllers\Sopir.php on line 19
[Method: GET, Route: sopir]
in SYSTEMPATH\API\ResponseTrait.php on line 92.
 1 APPPATH\Controllers\Sopir.php(19): CodeIgniter\RESTful\ResourceController->respond([], 200, [...])
 2 SYSTEMPATH\CodeIgniter.php(933): App\Controllers\sopir->index()
 3 SYSTEMPATH\CodeIgniter.php(509): CodeIgniter\CodeIgniter->runController(Object(App\Controllers\sopir))
 4 SYSTEMPATH\CodeIgniter.php(355): CodeIgniter\CodeIgniter->handleRequest(null, Object(Config\Cache), false)
 5 SYSTEMPATH\Boot.php(325): CodeIgniter\CodeIgniter->run()
 6 SYSTEMPATH\Boot.php(67): CodeIgniter\Boot::runCodeIgniter(Object(CodeIgniter\CodeIgniter))
 7 FCPATH\index.php(56): CodeIgniter\Boot::bootWeb(Object(Config\Paths))
 8 SYSTEMPATH\rewrite.php(44): require_once('C:\\xampp\\htdocs\\sopir-server\\public\\index.php')
CRITICAL - 2024-10-23 12:26:51 --> Error: Call to undefined method App\Controllers\sopir::response()
[Method: GET, Route: sopir]
in APPPATH\Controllers\Sopir.php on line 19.
 1 SYSTEMPATH\CodeIgniter.php(933): App\Controllers\sopir->index()
 2 SYSTEMPATH\CodeIgniter.php(509): CodeIgniter\CodeIgniter->runController(Object(App\Controllers\sopir))
 3 SYSTEMPATH\CodeIgniter.php(355): CodeIgniter\CodeIgniter->handleRequest(null, Object(Config\Cache), false)
 4 SYSTEMPATH\Boot.php(325): CodeIgniter\CodeIgniter->run()
 5 SYSTEMPATH\Boot.php(67): CodeIgniter\Boot::runCodeIgniter(Object(CodeIgniter\CodeIgniter))
 6 FCPATH\index.php(56): CodeIgniter\Boot::bootWeb(Object(Config\Paths))
 7 SYSTEMPATH\rewrite.php(44): require_once('C:\\xampp\\htdocs\\sopir-server\\public\\index.php')
CRITICAL - 2024-10-23 12:27:35 --> Error: Call to undefined method CodeIgniter\HTTP\Response::respond()
[Method: GET, Route: sopir]
in APPPATH\Controllers\Sopir.php on line 19.
 1 SYSTEMPATH\CodeIgniter.php(933): App\Controllers\sopir->index()
 2 SYSTEMPATH\CodeIgniter.php(509): CodeIgniter\CodeIgniter->runController(Object(App\Controllers\sopir))
 3 SYSTEMPATH\CodeIgniter.php(355): CodeIgniter\CodeIgniter->handleRequest(null, Object(Config\Cache), false)
 4 SYSTEMPATH\Boot.php(325): CodeIgniter\CodeIgniter->run()
 5 SYSTEMPATH\Boot.php(67): CodeIgniter\Boot::runCodeIgniter(Object(CodeIgniter\CodeIgniter))
 6 FCPATH\index.php(56): CodeIgniter\Boot::bootWeb(Object(Config\Paths))
 7 SYSTEMPATH\rewrite.php(44): require_once('C:\\xampp\\htdocs\\sopir-server\\public\\index.php')
